2024-07-01 14:00:43,182 CRIT Supervisor is running as root.  Privileges were not dropped because no user is specified in the config file.  If you intend to run as root, you can set user=root in the config file to avoid this message.
2024-07-01 14:00:43,182 INFO Included extra file "/etc/supervisor/conf.d/supervisord.conf" during parsing
2024-07-01 14:00:43,187 INFO supervisord started with pid 1
2024-07-01 14:00:44,191 INFO spawned: 'crond' with pid 7
2024-07-01 14:00:44,195 INFO spawned: 'laravel-worker-email_00' with pid 8
2024-07-01 14:00:44,205 INFO spawned: 'laravel-worker-email_01' with pid 9
2024-07-01 14:00:44,229 INFO spawned: 'laravel-worker-email_02' with pid 10
2024-07-01 14:00:44,249 INFO spawned: 'laravel-worker-email_03' with pid 11
2024-07-01 14:00:44,703 INFO spawned: 'laravel-worker-email_04' with pid 12
2024-07-01 14:00:44,716 INFO spawnerr: can't find command '/usr/sbin/nginx'
2024-07-01 14:00:44,904 INFO spawned: 'php-fpm' with pid 13
2024-07-01 14:00:45,212 INFO success: crond entered RUNNING state, process has stayed up for > than 1 seconds (startsecs)
2024-07-01 14:00:45,218 INFO success: laravel-worker-email_00 entered RUNNING state, process has stayed up for > than 1 seconds (startsecs)
2024-07-01 14:00:45,220 INFO success: laravel-worker-email_01 entered RUNNING state, process has stayed up for > than 1 seconds (startsecs)
2024-07-01 14:00:45,224 WARN exited: laravel-worker-email_01 (exit status 255; not expected)
2024-07-01 14:00:45,411 INFO spawned: 'laravel-worker-email_01' with pid 14
2024-07-01 14:00:45,412 INFO success: laravel-worker-email_02 entered RUNNING state, process has stayed up for > than 1 seconds (startsecs)
2024-07-01 14:00:45,412 INFO success: laravel-worker-email_03 entered RUNNING state, process has stayed up for > than 1 seconds (startsecs)
2024-07-01 14:00:45,412 INFO success: laravel-worker-email_04 entered RUNNING state, process has stayed up for > than 1 seconds (startsecs)
2024-07-01 14:00:45,413 WARN exited: laravel-worker-email_00 (exit status 255; not expected)
2024-07-01 14:00:45,433 INFO spawned: 'laravel-worker-email_00' with pid 15
2024-07-01 14:00:45,931 INFO spawnerr: can't find command '/usr/sbin/nginx'
2024-07-01 14:00:45,931 INFO success: php-fpm entered RUNNING state, process has stayed up for > than 1 seconds (startsecs)
2024-07-01 14:00:45,931 WARN exited: laravel-worker-email_02 (exit status 255; not expected)
2024-07-01 14:00:45,985 INFO spawned: 'laravel-worker-email_02' with pid 16
2024-07-01 14:00:46,225 WARN exited: laravel-worker-email_03 (exit status 255; not expected)
2024-07-01 14:00:46,275 INFO success: laravel-worker-email_01 entered RUNNING state, process has stayed up for > than 1 seconds (startsecs)
2024-07-01 14:00:46,697 INFO spawned: 'laravel-worker-email_03' with pid 17
2024-07-01 14:00:46,734 WARN exited: laravel-worker-email_01 (exit status 255; not expected)
2024-07-01 14:00:46,735 WARN exited: laravel-worker-email_00 (exit status 255; not expected)
2024-07-01 14:00:46,947 INFO spawned: 'laravel-worker-email_00' with pid 18
2024-07-01 14:00:46,969 INFO spawned: 'laravel-worker-email_01' with pid 19
2024-07-01 14:00:46,999 INFO success: laravel-worker-email_02 entered RUNNING state, process has stayed up for > than 1 seconds (startsecs)
2024-07-01 14:00:46,999 WARN exited: laravel-worker-email_04 (exit status 255; not expected)
2024-07-01 14:00:47,024 INFO spawned: 'laravel-worker-email_04' with pid 20
2024-07-01 14:00:47,429 INFO success: laravel-worker-email_03 entered RUNNING state, process has stayed up for > than 1 seconds (startsecs)
2024-07-01 14:00:47,903 INFO success: laravel-worker-email_00 entered RUNNING state, process has stayed up for > than 1 seconds (startsecs)
2024-07-01 14:00:47,943 INFO spawnerr: can't find command '/usr/sbin/nginx'
2024-07-01 14:00:47,965 INFO success: laravel-worker-email_01 entered RUNNING state, process has stayed up for > than 1 seconds (startsecs)
2024-07-01 14:00:47,965 WARN exited: laravel-worker-email_03 (exit status 255; not expected)
2024-07-01 14:00:47,965 WARN exited: laravel-worker-email_04 (exit status 255; not expected)
2024-07-01 14:00:48,025 INFO spawned: 'laravel-worker-email_03' with pid 24
2024-07-01 14:00:48,167 WARN exited: laravel-worker-email_01 (exit status 255; not expected)
2024-07-01 14:00:48,209 INFO spawned: 'laravel-worker-email_01' with pid 25
2024-07-01 14:00:48,211 WARN exited: laravel-worker-email_02 (exit status 255; not expected)
2024-07-01 14:00:48,212 WARN exited: laravel-worker-email_00 (exit status 255; not expected)
2024-07-01 14:00:48,274 INFO spawned: 'laravel-worker-email_00' with pid 26
2024-07-01 14:00:48,483 INFO spawned: 'laravel-worker-email_02' with pid 27
2024-07-01 14:00:49,213 INFO success: laravel-worker-email_01 entered RUNNING state, process has stayed up for > than 1 seconds (startsecs)
2024-07-01 14:00:49,217 INFO success: laravel-worker-email_03 entered RUNNING state, process has stayed up for > than 1 seconds (startsecs)
2024-07-01 14:00:49,240 INFO spawned: 'laravel-worker-email_04' with pid 28
2024-07-01 14:00:49,241 WARN exited: laravel-worker-email_03 (exit status 255; not expected)
2024-07-01 14:00:49,241 WARN exited: laravel-worker-email_01 (exit status 255; not expected)
2024-07-01 14:00:49,241 WARN exited: laravel-worker-email_02 (exit status 255; not expected)
2024-07-01 14:00:49,261 INFO success: laravel-worker-email_00 entered RUNNING state, process has stayed up for > than 1 seconds (startsecs)
2024-07-01 14:00:49,546 INFO spawned: 'laravel-worker-email_01' with pid 29
2024-07-01 14:00:49,661 INFO spawned: 'laravel-worker-email_03' with pid 30
2024-07-01 14:00:49,684 WARN exited: laravel-worker-email_00 (exit status 255; not expected)
2024-07-01 14:00:49,713 INFO spawned: 'laravel-worker-email_00' with pid 31
2024-07-01 14:00:49,989 WARN exited: laravel-worker-email_04 (exit status 255; not expected)
2024-07-01 14:00:50,266 INFO spawned: 'laravel-worker-email_02' with pid 32
2024-07-01 14:00:50,283 WARN exited: laravel-worker-email_01 (exit status 255; not expected)
2024-07-01 14:00:50,285 WARN exited: laravel-worker-email_00 (exit status 255; not expected)
2024-07-01 14:00:50,502 WARN exited: laravel-worker-email_03 (exit status 255; not expected)
2024-07-01 14:00:51,525 INFO spawned: 'laravel-worker-email_00' with pid 33
2024-07-01 14:00:51,964 INFO spawned: 'laravel-worker-email_01' with pid 34
2024-07-01 14:00:51,965 INFO success: laravel-worker-email_02 entered RUNNING state, process has stayed up for > than 1 seconds (startsecs)
2024-07-01 14:00:51,973 INFO spawned: 'laravel-worker-email_03' with pid 35
2024-07-01 14:00:51,987 INFO spawnerr: can't find command '/usr/sbin/nginx'
2024-07-01 14:00:51,988 INFO gave up: nginx entered FATAL state, too many start retries too quickly
2024-07-01 14:00:51,988 WARN exited: laravel-worker-email_02 (exit status 255; not expected)
2024-07-01 14:00:52,254 INFO spawned: 'laravel-worker-email_02' with pid 36
2024-07-01 14:00:52,446 INFO spawned: 'laravel-worker-email_04' with pid 37
2024-07-01 14:00:52,464 WARN exited: laravel-worker-email_00 (exit status 255; not expected)
2024-07-01 14:00:52,464 WARN exited: laravel-worker-email_01 (exit status 255; not expected)
2024-07-01 14:00:52,528 WARN exited: laravel-worker-email_03 (exit status 255; not expected)
2024-07-01 14:00:52,931 WARN exited: laravel-worker-email_04 (exit status 255; not expected)
2024-07-01 14:00:53,944 INFO success: laravel-worker-email_02 entered RUNNING state, process has stayed up for > than 1 seconds (startsecs)
2024-07-01 14:00:53,944 WARN exited: laravel-worker-email_02 (exit status 255; not expected)
2024-07-01 14:00:54,949 INFO spawned: 'laravel-worker-email_00' with pid 38
2024-07-01 14:00:54,967 INFO spawned: 'laravel-worker-email_01' with pid 39
2024-07-01 14:00:54,984 INFO spawned: 'laravel-worker-email_02' with pid 40
2024-07-01 14:00:55,025 INFO spawned: 'laravel-worker-email_03' with pid 41
2024-07-01 14:00:55,507 WARN exited: laravel-worker-email_00 (exit status 255; not expected)
2024-07-01 14:00:55,654 WARN exited: laravel-worker-email_01 (exit status 255; not expected)
2024-07-01 14:00:55,739 WARN exited: laravel-worker-email_03 (exit status 255; not expected)
2024-07-01 14:00:56,741 INFO success: laravel-worker-email_02 entered RUNNING state, process has stayed up for > than 1 seconds (startsecs)
2024-07-01 14:00:56,745 INFO spawned: 'laravel-worker-email_04' with pid 42
2024-07-01 14:00:56,747 WARN exited: laravel-worker-email_02 (exit status 255; not expected)
2024-07-01 14:00:56,971 INFO spawned: 'laravel-worker-email_02' with pid 43
2024-07-01 14:00:57,184 WARN exited: laravel-worker-email_04 (exit status 255; not expected)
2024-07-01 14:00:57,185 INFO gave up: laravel-worker-email_04 entered FATAL state, too many start retries too quickly
2024-07-01 14:00:58,214 INFO success: laravel-worker-email_02 entered RUNNING state, process has stayed up for > than 1 seconds (startsecs)
2024-07-01 14:00:58,214 WARN exited: laravel-worker-email_02 (exit status 255; not expected)
2024-07-01 14:00:59,219 INFO spawned: 'laravel-worker-email_00' with pid 44
2024-07-01 14:00:59,225 INFO spawned: 'laravel-worker-email_01' with pid 45
2024-07-01 14:00:59,409 INFO spawned: 'laravel-worker-email_02' with pid 46
2024-07-01 14:00:59,435 INFO spawned: 'laravel-worker-email_03' with pid 47
2024-07-01 14:00:59,994 WARN exited: laravel-worker-email_00 (exit status 255; not expected)
2024-07-01 14:00:59,999 WARN exited: laravel-worker-email_01 (exit status 255; not expected)
2024-07-01 14:00:59,999 WARN exited: laravel-worker-email_03 (exit status 255; not expected)
2024-07-01 14:00:59,999 INFO gave up: laravel-worker-email_00 entered FATAL state, too many start retries too quickly
2024-07-01 14:00:59,999 INFO gave up: laravel-worker-email_01 entered FATAL state, too many start retries too quickly
2024-07-01 14:01:00,000 INFO gave up: laravel-worker-email_03 entered FATAL state, too many start retries too quickly
2024-07-01 14:01:00,403 INFO success: laravel-worker-email_02 entered RUNNING state, process has stayed up for > than 1 seconds (startsecs)
2024-07-01 14:01:00,403 WARN exited: laravel-worker-email_02 (exit status 255; not expected)
2024-07-01 14:01:00,407 INFO spawned: 'laravel-worker-email_02' with pid 49
2024-07-01 14:01:01,672 INFO success: laravel-worker-email_02 entered RUNNING state, process has stayed up for > than 1 seconds (startsecs)
2024-07-01 14:01:01,672 WARN exited: laravel-worker-email_02 (exit status 255; not expected)
2024-07-01 14:01:02,679 INFO spawned: 'laravel-worker-email_02' with pid 50
2024-07-01 14:01:03,906 INFO success: laravel-worker-email_02 entered RUNNING state, process has stayed up for > than 1 seconds (startsecs)
2024-07-01 14:01:03,906 WARN exited: laravel-worker-email_02 (exit status 255; not expected)
2024-07-01 14:01:04,911 INFO spawned: 'laravel-worker-email_02' with pid 51
2024-07-01 14:01:05,162 WARN exited: laravel-worker-email_02 (exit status 255; not expected)
2024-07-01 14:01:06,166 INFO spawned: 'laravel-worker-email_02' with pid 52
2024-07-01 14:01:06,234 WARN exited: laravel-worker-email_02 (exit status 255; not expected)
2024-07-01 14:01:08,241 INFO spawned: 'laravel-worker-email_02' with pid 53
2024-07-01 14:01:09,449 INFO success: laravel-worker-email_02 entered RUNNING state, process has stayed up for > than 1 seconds (startsecs)
2024-07-01 14:01:09,450 WARN exited: laravel-worker-email_02 (exit status 255; not expected)
2024-07-01 14:01:10,453 INFO spawned: 'laravel-worker-email_02' with pid 54
2024-07-01 14:01:11,679 INFO success: laravel-worker-email_02 entered RUNNING state, process has stayed up for > than 1 seconds (startsecs)
2024-07-01 14:01:11,680 WARN exited: laravel-worker-email_02 (exit status 255; not expected)
2024-07-01 14:01:12,684 INFO spawned: 'laravel-worker-email_02' with pid 55
2024-07-01 14:01:13,735 INFO success: laravel-worker-email_02 entered RUNNING state, process has stayed up for > than 1 seconds (startsecs)
2024-07-01 14:01:13,736 WARN exited: laravel-worker-email_02 (exit status 255; not expected)
2024-07-01 14:01:14,740 INFO spawned: 'laravel-worker-email_02' with pid 56
2024-07-01 14:01:15,918 INFO success: laravel-worker-email_02 entered RUNNING state, process has stayed up for > than 1 seconds (startsecs)
2024-07-01 14:01:15,918 WARN exited: laravel-worker-email_02 (exit status 255; not expected)
2024-07-01 14:01:16,923 INFO spawned: 'laravel-worker-email_02' with pid 57
2024-07-01 14:01:17,149 WARN exited: laravel-worker-email_02 (exit status 255; not expected)
2024-07-01 14:01:18,153 INFO spawned: 'laravel-worker-email_02' with pid 58
2024-07-01 14:01:19,261 INFO success: laravel-worker-email_02 entered RUNNING state, process has stayed up for > than 1 seconds (startsecs)
2024-07-01 14:01:19,262 WARN exited: laravel-worker-email_02 (exit status 255; not expected)
2024-07-01 14:01:20,270 INFO spawned: 'laravel-worker-email_02' with pid 59
2024-07-01 14:01:21,458 INFO success: laravel-worker-email_02 entered RUNNING state, process has stayed up for > than 1 seconds (startsecs)
2024-07-01 14:01:21,458 WARN exited: laravel-worker-email_02 (exit status 255; not expected)
2024-07-01 14:01:22,462 INFO spawned: 'laravel-worker-email_02' with pid 60
2024-07-01 14:01:23,514 INFO success: laravel-worker-email_02 entered RUNNING state, process has stayed up for > than 1 seconds (startsecs)
2024-07-01 14:01:23,515 WARN exited: laravel-worker-email_02 (exit status 255; not expected)
2024-07-01 14:01:24,519 INFO spawned: 'laravel-worker-email_02' with pid 61
2024-07-01 14:01:25,696 INFO success: laravel-worker-email_02 entered RUNNING state, process has stayed up for > than 1 seconds (startsecs)
2024-07-01 14:01:25,696 WARN exited: laravel-worker-email_02 (exit status 255; not expected)
2024-07-01 14:01:26,701 INFO spawned: 'laravel-worker-email_02' with pid 62
2024-07-01 14:01:27,754 INFO success: laravel-worker-email_02 entered RUNNING state, process has stayed up for > than 1 seconds (startsecs)
2024-07-01 14:01:27,755 WARN exited: laravel-worker-email_02 (exit status 255; not expected)
2024-07-01 14:01:28,759 INFO spawned: 'laravel-worker-email_02' with pid 63
2024-07-01 14:01:29,937 INFO success: laravel-worker-email_02 entered RUNNING state, process has stayed up for > than 1 seconds (startsecs)
2024-07-01 14:01:29,938 WARN exited: laravel-worker-email_02 (exit status 255; not expected)
2024-07-01 14:01:30,942 INFO spawned: 'laravel-worker-email_02' with pid 64
2024-07-01 14:01:32,013 INFO success: laravel-worker-email_02 entered RUNNING state, process has stayed up for > than 1 seconds (startsecs)
2024-07-01 14:01:32,013 WARN exited: laravel-worker-email_02 (exit status 255; not expected)
2024-07-01 14:01:33,018 INFO spawned: 'laravel-worker-email_02' with pid 65
2024-07-01 14:01:34,248 INFO success: laravel-worker-email_02 entered RUNNING state, process has stayed up for > than 1 seconds (startsecs)
2024-07-01 14:01:34,249 WARN exited: laravel-worker-email_02 (exit status 255; not expected)
2024-07-01 14:01:35,252 INFO spawned: 'laravel-worker-email_02' with pid 66
2024-07-01 14:01:36,482 INFO success: laravel-worker-email_02 entered RUNNING state, process has stayed up for > than 1 seconds (startsecs)
2024-07-01 14:01:36,482 WARN exited: laravel-worker-email_02 (exit status 255; not expected)
2024-07-01 14:01:37,486 INFO spawned: 'laravel-worker-email_02' with pid 67
2024-07-01 14:01:38,661 INFO success: laravel-worker-email_02 entered RUNNING state, process has stayed up for > than 1 seconds (startsecs)
2024-07-01 14:01:38,661 WARN exited: laravel-worker-email_02 (exit status 255; not expected)
2024-07-01 14:01:39,664 INFO spawned: 'laravel-worker-email_02' with pid 68
2024-07-01 14:01:39,708 WARN exited: laravel-worker-email_02 (exit status 255; not expected)
2024-07-01 14:01:40,712 INFO spawned: 'laravel-worker-email_02' with pid 69
2024-07-01 14:01:40,756 WARN exited: laravel-worker-email_02 (exit status 255; not expected)
2024-07-01 14:01:42,761 INFO spawned: 'laravel-worker-email_02' with pid 70
2024-07-01 14:01:43,936 INFO success: laravel-worker-email_02 entered RUNNING state, process has stayed up for > than 1 seconds (startsecs)
2024-07-01 14:01:43,936 WARN exited: laravel-worker-email_02 (exit status 255; not expected)
2024-07-01 14:01:44,940 INFO spawned: 'laravel-worker-email_02' with pid 71
2024-07-01 14:01:45,991 INFO success: laravel-worker-email_02 entered RUNNING state, process has stayed up for > than 1 seconds (startsecs)
2024-07-01 14:01:45,991 WARN exited: laravel-worker-email_02 (exit status 255; not expected)
2024-07-01 14:01:46,995 INFO spawned: 'laravel-worker-email_02' with pid 72
2024-07-01 14:01:48,173 INFO success: laravel-worker-email_02 entered RUNNING state, process has stayed up for > than 1 seconds (startsecs)
2024-07-01 14:01:48,174 WARN exited: laravel-worker-email_02 (exit status 255; not expected)
2024-07-01 14:01:49,178 INFO spawned: 'laravel-worker-email_02' with pid 73
2024-07-01 14:01:50,231 INFO success: laravel-worker-email_02 entered RUNNING state, process has stayed up for > than 1 seconds (startsecs)
2024-07-01 14:01:50,231 WARN exited: laravel-worker-email_02 (exit status 255; not expected)
2024-07-01 14:01:51,236 INFO spawned: 'laravel-worker-email_02' with pid 74
2024-07-01 14:01:52,417 INFO success: laravel-worker-email_02 entered RUNNING state, process has stayed up for > than 1 seconds (startsecs)
2024-07-01 14:01:52,419 WARN exited: laravel-worker-email_02 (exit status 255; not expected)
2024-07-01 14:01:53,424 INFO spawned: 'laravel-worker-email_02' with pid 75
2024-07-01 14:01:54,477 INFO success: laravel-worker-email_02 entered RUNNING state, process has stayed up for > than 1 seconds (startsecs)
2024-07-01 14:01:54,477 WARN exited: laravel-worker-email_02 (exit status 255; not expected)
2024-07-01 14:01:55,480 INFO spawned: 'laravel-worker-email_02' with pid 76
2024-07-01 14:01:56,658 INFO success: laravel-worker-email_02 entered RUNNING state, process has stayed up for > than 1 seconds (startsecs)
2024-07-01 14:01:56,659 WARN exited: laravel-worker-email_02 (exit status 255; not expected)
2024-07-01 14:01:57,663 INFO spawned: 'laravel-worker-email_02' with pid 77
2024-07-01 14:01:58,716 INFO success: laravel-worker-email_02 entered RUNNING state, process has stayed up for > than 1 seconds (startsecs)
2024-07-01 14:01:58,716 WARN exited: laravel-worker-email_02 (exit status 255; not expected)
2024-07-01 14:01:59,720 INFO spawned: 'laravel-worker-email_02' with pid 78
2024-07-01 14:02:00,251 WARN exited: laravel-worker-email_02 (exit status 255; not expected)
2024-07-01 14:02:01,259 INFO spawned: 'laravel-worker-email_02' with pid 80
2024-07-01 14:02:02,711 INFO success: laravel-worker-email_02 entered RUNNING state, process has stayed up for > than 1 seconds (startsecs)
2024-07-01 14:02:02,711 WARN exited: laravel-worker-email_02 (exit status 255; not expected)
2024-07-01 14:02:03,716 INFO spawned: 'laravel-worker-email_02' with pid 81
2024-07-01 14:02:04,951 INFO success: laravel-worker-email_02 entered RUNNING state, process has stayed up for > than 1 seconds (startsecs)
2024-07-01 14:02:04,951 WARN exited: laravel-worker-email_02 (exit status 255; not expected)
2024-07-01 14:02:05,955 INFO spawned: 'laravel-worker-email_02' with pid 82
2024-07-01 14:02:07,007 INFO success: laravel-worker-email_02 entered RUNNING state, process has stayed up for > than 1 seconds (startsecs)
2024-07-01 14:02:07,007 WARN exited: laravel-worker-email_02 (exit status 255; not expected)
2024-07-01 14:02:08,011 INFO spawned: 'laravel-worker-email_02' with pid 83
2024-07-01 14:02:09,188 INFO success: laravel-worker-email_02 entered RUNNING state, process has stayed up for > than 1 seconds (startsecs)
2024-07-01 14:02:09,188 WARN exited: laravel-worker-email_02 (exit status 255; not expected)
2024-07-01 14:02:10,192 INFO spawned: 'laravel-worker-email_02' with pid 84
2024-07-01 14:02:11,243 INFO success: laravel-worker-email_02 entered RUNNING state, process has stayed up for > than 1 seconds (startsecs)
2024-07-01 14:02:11,244 WARN exited: laravel-worker-email_02 (exit status 255; not expected)
2024-07-01 14:02:12,248 INFO spawned: 'laravel-worker-email_02' with pid 85
2024-07-01 14:02:13,427 INFO success: laravel-worker-email_02 entered RUNNING state, process has stayed up for > than 1 seconds (startsecs)
2024-07-01 14:02:13,428 WARN exited: laravel-worker-email_02 (exit status 255; not expected)
2024-07-01 14:02:14,432 INFO spawned: 'laravel-worker-email_02' with pid 86
2024-07-01 14:02:15,482 INFO success: laravel-worker-email_02 entered RUNNING state, process has stayed up for > than 1 seconds (startsecs)
2024-07-01 14:02:15,483 WARN exited: laravel-worker-email_02 (exit status 255; not expected)
2024-07-01 14:02:16,486 INFO spawned: 'laravel-worker-email_02' with pid 87
2024-07-01 14:02:17,662 INFO success: laravel-worker-email_02 entered RUNNING state, process has stayed up for > than 1 seconds (startsecs)
2024-07-01 14:02:17,662 WARN exited: laravel-worker-email_02 (exit status 255; not expected)
2024-07-01 14:02:18,666 INFO spawned: 'laravel-worker-email_02' with pid 88
2024-07-01 14:02:19,728 INFO success: laravel-worker-email_02 entered RUNNING state, process has stayed up for > than 1 seconds (startsecs)
2024-07-01 14:02:19,728 WARN exited: laravel-worker-email_02 (exit status 255; not expected)
2024-07-01 14:02:20,732 INFO spawned: 'laravel-worker-email_02' with pid 89
2024-07-01 14:02:21,910 INFO success: laravel-worker-email_02 entered RUNNING state, process has stayed up for > than 1 seconds (startsecs)
2024-07-01 14:02:21,911 WARN exited: laravel-worker-email_02 (exit status 255; not expected)
2024-07-01 14:02:22,915 INFO spawned: 'laravel-worker-email_02' with pid 90
2024-07-01 14:02:23,968 INFO success: laravel-worker-email_02 entered RUNNING state, process has stayed up for > than 1 seconds (startsecs)
2024-07-01 14:02:23,969 WARN exited: laravel-worker-email_02 (exit status 255; not expected)
2024-07-01 14:02:24,972 INFO spawned: 'laravel-worker-email_02' with pid 91
2024-07-01 14:02:26,149 INFO success: laravel-worker-email_02 entered RUNNING state, process has stayed up for > than 1 seconds (startsecs)
2024-07-01 14:02:26,149 WARN exited: laravel-worker-email_02 (exit status 255; not expected)
2024-07-01 14:02:27,153 INFO spawned: 'laravel-worker-email_02' with pid 92
2024-07-01 14:02:28,208 INFO success: laravel-worker-email_02 entered RUNNING state, process has stayed up for > than 1 seconds (startsecs)
2024-07-01 14:02:28,208 WARN exited: laravel-worker-email_02 (exit status 255; not expected)
2024-07-01 14:02:29,212 INFO spawned: 'laravel-worker-email_02' with pid 93
2024-07-01 14:02:30,267 INFO success: laravel-worker-email_02 entered RUNNING state, process has stayed up for > than 1 seconds (startsecs)
2024-07-01 14:02:30,268 WARN exited: laravel-worker-email_02 (exit status 255; not expected)
2024-07-01 14:02:31,272 INFO spawned: 'laravel-worker-email_02' with pid 94
2024-07-01 14:02:31,448 WARN exited: laravel-worker-email_02 (exit status 255; not expected)
2024-07-01 14:02:32,452 INFO spawned: 'laravel-worker-email_02' with pid 95
2024-07-01 14:02:33,506 INFO success: laravel-worker-email_02 entered RUNNING state, process has stayed up for > than 1 seconds (startsecs)
2024-07-01 14:02:33,507 WARN exited: laravel-worker-email_02 (exit status 255; not expected)
2024-07-01 14:02:34,511 INFO spawned: 'laravel-worker-email_02' with pid 96
2024-07-01 14:02:34,689 WARN exited: laravel-worker-email_02 (exit status 255; not expected)
2024-07-01 14:02:35,693 INFO spawned: 'laravel-worker-email_02' with pid 97
2024-07-01 14:02:36,748 INFO success: laravel-worker-email_02 entered RUNNING state, process has stayed up for > than 1 seconds (startsecs)
2024-07-01 14:02:36,749 WARN exited: laravel-worker-email_02 (exit status 255; not expected)
2024-07-01 14:02:37,752 INFO spawned: 'laravel-worker-email_02' with pid 98
2024-07-01 14:02:38,932 INFO success: laravel-worker-email_02 entered RUNNING state, process has stayed up for > than 1 seconds (startsecs)
2024-07-01 14:02:38,932 WARN exited: laravel-worker-email_02 (exit status 255; not expected)
2024-07-01 14:02:39,936 INFO spawned: 'laravel-worker-email_02' with pid 99
2024-07-01 14:02:40,989 INFO success: laravel-worker-email_02 entered RUNNING state, process has stayed up for > than 1 seconds (startsecs)
2024-07-01 14:02:40,990 WARN exited: laravel-worker-email_02 (exit status 255; not expected)
2024-07-01 14:02:41,994 INFO spawned: 'laravel-worker-email_02' with pid 100
2024-07-01 14:02:43,172 INFO success: laravel-worker-email_02 entered RUNNING state, process has stayed up for > than 1 seconds (startsecs)
2024-07-01 14:02:43,174 WARN exited: laravel-worker-email_02 (exit status 255; not expected)
2024-07-01 14:02:44,178 INFO spawned: 'laravel-worker-email_02' with pid 101
2024-07-01 14:02:45,233 INFO success: laravel-worker-email_02 entered RUNNING state, process has stayed up for > than 1 seconds (startsecs)
2024-07-01 14:02:45,234 WARN exited: laravel-worker-email_02 (exit status 255; not expected)
2024-07-01 14:02:46,238 INFO spawned: 'laravel-worker-email_02' with pid 102
2024-07-01 14:02:47,416 INFO success: laravel-worker-email_02 entered RUNNING state, process has stayed up for > than 1 seconds (startsecs)
2024-07-01 14:02:47,416 WARN exited: laravel-worker-email_02 (exit status 255; not expected)
2024-07-01 14:02:48,420 INFO spawned: 'laravel-worker-email_02' with pid 103
2024-07-01 14:02:49,472 INFO success: laravel-worker-email_02 entered RUNNING state, process has stayed up for > than 1 seconds (startsecs)
2024-07-01 14:02:49,473 WARN exited: laravel-worker-email_02 (exit status 255; not expected)
2024-07-01 14:02:50,477 INFO spawned: 'laravel-worker-email_02' with pid 104
2024-07-01 14:02:51,654 INFO success: laravel-worker-email_02 entered RUNNING state, process has stayed up for > than 1 seconds (startsecs)
2024-07-01 14:02:51,655 WARN exited: laravel-worker-email_02 (exit status 255; not expected)
2024-07-01 14:02:52,659 INFO spawned: 'laravel-worker-email_02' with pid 105
2024-07-01 14:02:53,712 INFO success: laravel-worker-email_02 entered RUNNING state, process has stayed up for > than 1 seconds (startsecs)
2024-07-01 14:02:53,713 WARN exited: laravel-worker-email_02 (exit status 255; not expected)
2024-07-01 14:02:54,721 INFO spawned: 'laravel-worker-email_02' with pid 106
2024-07-01 14:02:55,007 WARN exited: laravel-worker-email_02 (exit status 255; not expected)
2024-07-01 14:02:56,011 INFO spawned: 'laravel-worker-email_02' with pid 107
2024-07-01 14:02:57,200 INFO success: laravel-worker-email_02 entered RUNNING state, process has stayed up for > than 1 seconds (startsecs)
2024-07-01 14:02:57,201 WARN exited: laravel-worker-email_02 (exit status 255; not expected)
2024-07-01 14:02:58,205 INFO spawned: 'laravel-worker-email_02' with pid 108
2024-07-01 14:02:59,262 INFO success: laravel-worker-email_02 entered RUNNING state, process has stayed up for > than 1 seconds (startsecs)
2024-07-01 14:02:59,263 WARN exited: laravel-worker-email_02 (exit status 255; not expected)
2024-07-01 14:03:00,253 INFO spawned: 'laravel-worker-email_02' with pid 110
2024-07-01 14:03:01,439 INFO success: laravel-worker-email_02 entered RUNNING state, process has stayed up for > than 1 seconds (startsecs)
2024-07-01 14:03:01,440 WARN exited: laravel-worker-email_02 (exit status 255; not expected)
2024-07-01 14:03:02,444 INFO spawned: 'laravel-worker-email_02' with pid 111
2024-07-01 14:03:03,494 INFO success: laravel-worker-email_02 entered RUNNING state, process has stayed up for > than 1 seconds (startsecs)
2024-07-01 14:03:03,496 WARN exited: laravel-worker-email_02 (exit status 255; not expected)
2024-07-01 14:03:04,500 INFO spawned: 'laravel-worker-email_02' with pid 112
2024-07-01 14:03:05,679 INFO success: laravel-worker-email_02 entered RUNNING state, process has stayed up for > than 1 seconds (startsecs)
2024-07-01 14:03:05,679 WARN exited: laravel-worker-email_02 (exit status 255; not expected)
2024-07-01 14:03:06,683 INFO spawned: 'laravel-worker-email_02' with pid 113
2024-07-01 14:03:06,727 WARN exited: laravel-worker-email_02 (exit status 255; not expected)
2024-07-01 14:03:07,731 INFO spawned: 'laravel-worker-email_02' with pid 114
2024-07-01 14:03:07,768 WARN exited: laravel-worker-email_02 (exit status 255; not expected)
2024-07-01 14:03:09,772 INFO spawned: 'laravel-worker-email_02' with pid 115
2024-07-01 14:03:09,808 WARN exited: laravel-worker-email_02 (exit status 255; not expected)
2024-07-01 14:03:12,814 INFO spawned: 'laravel-worker-email_02' with pid 116
2024-07-01 14:03:12,854 WARN exited: laravel-worker-email_02 (exit status 255; not expected)
2024-07-01 14:03:13,855 INFO gave up: laravel-worker-email_02 entered FATAL state, too many start retries too quickly
